c:\users\james\documents\github\chatapp_client\build\myapp.dir\release\main.obj
c:\users\james\documents\github\chatapp_client\build\myapp.dir\release\myapp.obj
c:\users\james\documents\github\chatapp_client\build\myapp.dir\release\packetdecoder.obj
c:\users\james\documents\github\chatapp_client\build\myapp.dir\release\net_socket.obj
c:\users\james\documents\github\chatapp_client\build\myapp.dir\release\html_view_sidepanel.obj
c:\users\james\documents\github\chatapp_client\build\myapp.dir\release\html_view.obj
c:\users\james\documents\github\chatapp_client\build\myapp.dir\release\connection.obj
c:\users\james\documents\github\chatapp_client\build\myapp.dir\release\client.obj
c:\users\james\documents\github\chatapp_client\build\myapp.dir\release\room.obj
c:\users\james\documents\github\chatapp_client\build\cmakefiles\generate.stamp
c:\users\james\documents\github\chatapp_client\build\release\myapp.exe
c:\users\james\documents\github\chatapp_client\build\myapp.dir\release\html_view_dashboard.obj
c:\users\james\documents\github\chatapp_client\build\myapp.dir\release\server.obj
c:\users\james\documents\github\chatapp_client\build\myapp.dir\release\myapp.tlog\cl.command.1.tlog
c:\users\james\documents\github\chatapp_client\build\myapp.dir\release\myapp.tlog\cl.read.1.tlog
c:\users\james\documents\github\chatapp_client\build\myapp.dir\release\myapp.tlog\cl.write.1.tlog
c:\users\james\documents\github\chatapp_client\build\myapp.dir\release\myapp.tlog\custombuild.command.1.tlog
c:\users\james\documents\github\chatapp_client\build\myapp.dir\release\myapp.tlog\custombuild.read.1.tlog
c:\users\james\documents\github\chatapp_client\build\myapp.dir\release\myapp.tlog\custombuild.write.1.tlog
c:\users\james\documents\github\chatapp_client\build\myapp.dir\release\myapp.tlog\link.command.1.tlog
c:\users\james\documents\github\chatapp_client\build\myapp.dir\release\myapp.tlog\link.read.1.tlog
c:\users\james\documents\github\chatapp_client\build\myapp.dir\release\myapp.tlog\link.write.1.tlog
